        -:    0:Source:peixera.c
        -:    0:Programs:4
        -:    1:/*! \file peixera.c
        -:    2:	\brief Módulo da main do jogo */
        -:    3:
        -:    4:
        -:    5:/*
        -:    6:PROJETO
        -:    7:Nome: MAXIMILLIAN FAN XAVIER, OTÁVIO ALVES DIAS, RAFAEL DIAS DA COSTA, TÚLIO ABNER DE LIMA
        -:    8:Matrícula: 12/0153271, 12/0131480, 12/0133253, 12/0137194
        -:    9:Curso: Engenharia de Computação
        -:   10:Disciplina: Métodos de Programação
        -:   11:Turma: A
        -:   12:Prof: Jan Mendonça
        -:   13:*/
        -:   14:
        -:   15:#include <ncurses.h>
        -:   16:#include <menu.h>
        -:   17:#include <unistd.h>
        -:   18:#include <stdio.h>
        -:   19:#include <stdlib.h>
        -:   20:#include <string.h>
        -:   21:#include <time.h>
        -:   22:#include "grafico.h"
        -:   23:#include "estruturas.h"
        -:   24:#include "engine.h"
        -:   25:
        -:   26:#define HUBH 7
        -:   27:#define CASTLEW 40
        -:   28:#define ARRAY_SIZE(a) (sizeof(a) / sizeof(a[0]))
        -:   29:#define CTRLD 	4
        -:   30:
        1:   31:int main()
        -:   32:{
        -:   33:
        1:   34:	keypad(stdscr, TRUE);		/* Capturar teclas como F1, F2, etc */
        1:   35:	inicia_ncurses();			/* Começa o modo ncurses */
        1:   36:	noecho();					/* Caracteres digitados não aparecem na tela */
        1:   37:	cbreak();					/* Caracteres são capturados sem pressionar Enter */
        1:   38:	curs_set(FALSE);			/* Não mostra o cursor na tela */
        1:   39:	srand(time(NULL));			/* Função para gerar números aleatórios */
        -:   40:
        1:   41:	tela_inicial();
        -:   42:
    #####:   43:	finaliza_ncurses();			/* Finaliza o modo ncurses */
    #####:   44:	return 0;
        -:   45:}
